<?xml version="1.0" encoding="UTF-8"?>
<TestRun id="5e1dd327-e181-425c-88b8-e215deccb405" name="st890@WSH-NB-K551L 2017-03-19 15:56:03" runUser="WSH-NB-K551L\st890" xmlns="http://microsoft.com/schemas/VisualStudio/TeamTest/2010">
  <TestSettings name="本機" id="52be3dfe-00e6-4599-9d74-e1e5aef3018a">
    <Description>這些是本機測試回合的預設測試設定。</Description>
    <Execution>
      <TestTypeSpecific />
      <AgentRule name="Execution Agents">
      </AgentRule>
    </Execution>
    <Deployment runDeploymentRoot="st890_WSH-NB-K551L 2017-03-19 15_56_03" />
    <Properties>
      <Property name="TestSettingsUIType" value="LoadTest" />
    </Properties>
  </TestSettings>
  <Times creation="2017-03-19T15:56:03.4170921+08:00" queuing="2017-03-19T15:56:10.0493951+08:00" start="2017-03-19T15:56:10.7777822+08:00" finish="2017-03-19T15:56:23.6366137+08:00" />
  <ResultSummary outcome="Completed">
    <Counters total="1" executed="1" passed="1" error="0" failed="0" timeout="0" aborted="0" inconclusive="0" passedButRunAborted="0" notRunnable="0" notExecuted="0" disconnected="0" warning="0" completed="0" inProgress="0" pending="0" />
  </ResultSummary>
  <TestDefinitions>
    <WebTest name="ApiLogin.WebTest" storage="c:\users\st890\documents\github\loadtest\aspnetcoreapi.webandloadtest\aspnetcoreapi.webandloadtest\apilogin.webtest.webtest" id="7853c2cb-cf85-4f0b-b211-7b07febc3671" persistedWebTest="77u/PD94bWwgdmVyc2lvbj0iMS4wIiBlbmNvZGluZz0iVVRGLTgiIHN0YW5kYWxvbmU9InllcyI/Pg0KPFdlYlRlc3QgTmFtZT0iQXBpTG9naW4uV2ViVGVzdCIgSWQ9Ijc4NTNjMmNiLWNmODUtNGYwYi1iMjExLTdiMDdmZWJjMzY3MSIgT3duZXI9IiIgUHJpb3JpdHk9IjIxNDc0ODM2NDciIEVuYWJsZWQ9IlRydWUiIENzc1Byb2plY3RTdHJ1Y3R1cmU9IiIgQ3NzSXRlcmF0aW9uPSIiIFRpbWVvdXQ9IjAiIFdvcmtJdGVtSWRzPSIiIHhtbG5zPSJodHRwOi8vbWljcm9zb2Z0LmNvbS9zY2hlbWFzL1Zpc3VhbFN0dWRpby9UZWFtVGVzdC8yMDEwIiBEZXNjcmlwdGlvbj0iIiBDcmVkZW50aWFsVXNlck5hbWU9IiIgQ3JlZGVudGlhbFBhc3N3b3JkPSIiIFByZUF1dGhlbnRpY2F0ZT0iVHJ1ZSIgUHJveHk9ImRlZmF1bHQiIFN0b3BPbkVycm9yPSJGYWxzZSIgUmVjb3JkZWRSZXN1bHRGaWxlPSIiIFJlc3VsdHNMb2NhbGU9IiI+DQogIDxJdGVtcz4NCiAgICA8UmVxdWVzdCBNZXRob2Q9IlBPU1QiIEd1aWQ9IjY2NGQ0MWIxLWM4NjYtNDE2Ni04YjA3LTk5MTQ1ZjU4MjlhNyIgVmVyc2lvbj0iMS4xIiBVcmw9Imh0dHA6Ly9sb2NhbGhvc3Q6NDk5ODkvYXBpL2xvZ2luIiBUaGlua1RpbWU9IjAiIFRpbWVvdXQ9IjYwIiBQYXJzZURlcGVuZGVudFJlcXVlc3RzPSJUcnVlIiBGb2xsb3dSZWRpcmVjdHM9IlRydWUiIFJlY29yZFJlc3VsdD0iVHJ1ZSIgQ2FjaGU9IkZhbHNlIiBSZXNwb25zZVRpbWVHb2FsPSIwIiBFbmNvZGluZz0idXRmLTgiIEV4cGVjdGVkSHR0cFN0YXR1c0NvZGU9IjAiIEV4cGVjdGVkUmVzcG9uc2VVcmw9IiIgUmVwb3J0aW5nTmFtZT0iIiBJZ25vcmVIdHRwU3RhdHVzQ29kZT0iRmFsc2UiPg0KICAgICAgPFN0cmluZ0h0dHBCb2R5IENvbnRlbnRUeXBlPSJhcHBsaWNhdGlvbi9qc29uIiBJbnNlcnRCeXRlT3JkZXJNYXJrPSJGYWxzZSI+ZXdBTkFBb0FJZ0JsQUcwQVlRQnBBR3dBSWdBNkFDSUFkUUJ6QUdVQWNnQkFBSE1BZEFCMUFHUUFhUUJ2QUM0QWRBQjNBQ0lBTEFBTkFBb0FDZ0FpQUhBQVlRQnpBSE1BZHdCdkFISUFaQUFpQURvQUlnQndBR0VBY3dCekFIY0Fid0J5QUdRQUlnQUtBQTBBQ2dCOUFBPT08L1N0cmluZ0h0dHBCb2R5Pg0KICAgIDwvUmVxdWVzdD4NCiAgPC9JdGVtcz4NCjwvV2ViVGVzdD4=">
      <Execution id="9a1492a2-164d-417d-9d33-3bbd40c18731" />
    </WebTest>
  </TestDefinitions>
  <TestLists>
    <TestList name="不在清單中的結果" id="8c84fa94-04c1-424b-9868-57a2d4851a1d" />
    <TestList name="所有載入的結果" id="19431567-8539-422a-85d7-44ee4e166bda" />
  </TestLists>
  <TestEntries>
    <TestEntry isTransparent="false" testId="7853c2cb-cf85-4f0b-b211-7b07febc3671" executionId="9a1492a2-164d-417d-9d33-3bbd40c18731" testListId="8c84fa94-04c1-424b-9868-57a2d4851a1d" />
  </TestEntries>
  <Results>
    <WebTestResult executionId="9a1492a2-164d-417d-9d33-3bbd40c18731" testId="7853c2cb-cf85-4f0b-b211-7b07febc3671" testName="ApiLogin.WebTest" computerName="WSH-NB-K551L" duration="00:00:00.9608734" startTime="2017-03-19T15:56:11.2137167+08:00" endTime="2017-03-19T15:56:23.4564860+08:00" testType="4e7599fa-5ecb-43e9-a887-cd63cf72d207" outcome="Passed" testListId="8c84fa94-04c1-424b-9868-57a2d4851a1d" relativeResultsDirectory="9a1492a2-164d-417d-9d33-3bbd40c18731">
      <ResultFiles>
        <ResultFile path="ApiLogin.WebTest.webtestResult" />
      </ResultFiles>
      <TestSettings name="本機" id="52be3dfe-00e6-4599-9d74-e1e5aef3018a">
        <Description>這些是本機測試回合的預設測試設定。</Description>
        <Execution>
          <TestTypeSpecific>
            <WebTestRunConfiguration testTypeId="4e7599fa-5ecb-43e9-a887-cd63cf72d207">
              <Browser name="Internet Explorer 9.0" MaxConnections="6">
                <Headers>
                  <Header name="User-Agent" value="Mozilla/5.0 (compatible; MSIE 9.0; Windows NT 6.1; Trident/5.0)" />
                  <Header name="Accept" value="*/*" />
                  <Header name="Accept-Language" value="{{$IEAcceptLanguage}}" />
                  <Header name="Accept-Encoding" value="GZIP" />
                </Headers>
              </Browser>
            </WebTestRunConfiguration>
          </TestTypeSpecific>
          <AgentRule name="Execution Agents">
          </AgentRule>
        </Execution>
        <Deployment runDeploymentRoot="st890_WSH-NB-K551L 2017-03-19 15_56_03" />
        <Properties>
          <Property name="TestSettingsUIType" value="LoadTest" />
        </Properties>
      </TestSettings>
      <WebTestResultFilePath>st890_WSH-NB-K551L 2017-03-19 15_56_03\In\9a1492a2-164d-417d-9d33-3bbd40c18731\ApiLogin.WebTest.webtestResult</WebTestResultFilePath>
    </WebTestResult>
  </Results>
</TestRun>